This is pdfTeX, Version 3.141592653-2.6-1.40.25 (TeX Live 2023) (preloaded format=pdflatex 2025.12.6)  13 DEC 2025 20:08
entering extended mode
 restricted \write18 enabled.
 file:line:error style messages enabled.
 %&-line parsing enabled.
**/home/emarcas/DAM-projects/SGE/SGE_Odoo-con-Docker/docs/Practica-4/Practica-4-Modulos_EderMC.tex
(/home/emarcas/DAM-projects/SGE/SGE_Odoo-con-Docker/docs/Practica-4/Practica-4-Modulos_EderMC.tex
LaTeX2e <2022-11-01> patch level 1
L3 programming layer <2023-02-22> (/usr/share/texlive/texmf-dist/tex/latex/base/report.cls
Document Class: report 2022/07/02 v1.4n Standard LaTeX document class
(/usr/share/texlive/texmf-dist/tex/latex/base/size12.clo
File: size12.clo 2022/07/02 v1.4n Standard LaTeX file (size option)
)
\c@part=\count185
\c@chapter=\count186
\c@section=\count187
\c@subsection=\count188
\c@subsubsection=\count189
\c@paragraph=\count190
\c@subparagraph=\count191
\c@figure=\count192
\c@table=\count193
\abovecaptionskip=\skip48
\belowcaptionskip=\skip49
\bibindent=\dimen140
) (/usr/share/texlive/texmf-dist/tex/generic/babel/babel.sty
Package: babel 2023/02/13 3.86 The Babel package
\babel@savecnt=\count194
\U@D=\dimen141
\l@unhyphenated=\language4
 (/usr/share/texlive/texmf-dist/tex/generic/babel/txtbabel.def)
\bbl@readstream=\read2
\bbl@dirlevel=\count195
 (/usr/share/texlive/texmf-dist/tex/generic/babel-spanish/spanish.ldf
Language: spanish.ldf 2021/05/27 v5.0q Spanish support from the babel system
\es@quottoks=\toks16
\es@quotdepth=\count196
Package babel Info: Making " an active character on input line 570.
Package babel Info: Making . an active character on input line 675.
Package babel Info: Making < an active character on input line 722.
Package babel Info: Making > an active character on input line 722.
)) (/usr/share/texlive/texmf-dist/tex/generic/babel/locale/es/babel-spanish.tex
Package babel Info: Importing font and identification data for spanish
(babel)             from babel-es.ini. Reported on input line 11.
) (/usr/share/texlive/texmf-dist/tex/latex/base/fontenc.sty
Package: fontenc 2021/04/29 v2.0v Standard LaTeX package
) (/usr/share/texlive/texmf-dist/tex/latex/base/inputenc.sty
Package: inputenc 2021/02/14 v1.3d Input encoding file
\inpenc@prehook=\toks17
\inpenc@posthook=\toks18
) (/usr/share/texlive/texmf-dist/tex/latex/lm/lmodern.sty
Package: lmodern 2015/05/01 v1.6.1 Latin Modern Fonts
LaTeX Font Info:    Overwriting symbol font `operators' in version `normal'
(Font)                  OT1/cmr/m/n --> OT1/lmr/m/n on input line 22.
LaTeX Font Info:    Overwriting symbol font `letters' in version `normal'
(Font)                  OML/cmm/m/it --> OML/lmm/m/it on input line 23.
LaTeX Font Info:    Overwriting symbol font `symbols' in version `normal'
(Font)                  OMS/cmsy/m/n --> OMS/lmsy/m/n on input line 24.
LaTeX Font Info:    Overwriting symbol font `largesymbols' in version `normal'
(Font)                  OMX/cmex/m/n --> OMX/lmex/m/n on input line 25.
LaTeX Font Info:    Overwriting symbol font `operators' in version `bold'
(Font)                  OT1/cmr/bx/n --> OT1/lmr/bx/n on input line 26.
LaTeX Font Info:    Overwriting symbol font `letters' in version `bold'
(Font)                  OML/cmm/b/it --> OML/lmm/b/it on input line 27.
LaTeX Font Info:    Overwriting symbol font `symbols' in version `bold'
(Font)                  OMS/cmsy/b/n --> OMS/lmsy/b/n on input line 28.
LaTeX Font Info:    Overwriting symbol font `largesymbols' in version `bold'
(Font)                  OMX/cmex/m/n --> OMX/lmex/m/n on input line 29.
LaTeX Font Info:    Overwriting math alphabet `\mathbf' in version `normal'
(Font)                  OT1/cmr/bx/n --> OT1/lmr/bx/n on input line 31.
LaTeX Font Info:    Overwriting math alphabet `\mathsf' in version `normal'
(Font)                  OT1/cmss/m/n --> OT1/lmss/m/n on input line 32.
LaTeX Font Info:    Overwriting math alphabet `\mathit' in version `normal'
(Font)                  OT1/cmr/m/it --> OT1/lmr/m/it on input line 33.
LaTeX Font Info:    Overwriting math alphabet `\mathtt' in version `normal'
(Font)                  OT1/cmtt/m/n --> OT1/lmtt/m/n on input line 34.
LaTeX Font Info:    Overwriting math alphabet `\mathbf' in version `bold'
(Font)                  OT1/cmr/bx/n --> OT1/lmr/bx/n on input line 35.
LaTeX Font Info:    Overwriting math alphabet `\mathsf' in version `bold'
(Font)                  OT1/cmss/bx/n --> OT1/lmss/bx/n on input line 36.
LaTeX Font Info:    Overwriting math alphabet `\mathit' in version `bold'
(Font)                  OT1/cmr/bx/it --> OT1/lmr/bx/it on input line 37.
LaTeX Font Info:    Overwriting math alphabet `\mathtt' in version `bold'
(Font)                  OT1/cmtt/m/n --> OT1/lmtt/m/n on input line 38.
) (/usr/share/texlive/texmf-dist/tex/latex/float/float.sty
Package: float 2001/11/08 v1.3d Float enhancements (AL)
\c@float@type=\count197
\float@exts=\toks19
\float@box=\box51
\@float@everytoks=\toks20
\@floatcapt=\box52
) (/usr/share/texlive/texmf-dist/tex/latex/geometry/geometry.sty
Package: geometry 2020/01/02 v5.9 Page Geometry
 (/usr/share/texlive/texmf-dist/tex/latex/graphics/keyval.sty
Package: keyval 2022/05/29 v1.15 key=value parser (DPC)
\KV@toks@=\toks21
) (/usr/share/texlive/texmf-dist/tex/generic/iftex/ifvtex.sty
Package: ifvtex 2019/10/25 v1.7 ifvtex legacy package. Use iftex instead.
 (/usr/share/texlive/texmf-dist/tex/generic/iftex/iftex.sty
Package: iftex 2022/02/03 v1.0f TeX engine tests
))
\Gm@cnth=\count198
\Gm@cntv=\count199
\c@Gm@tempcnt=\count266
\Gm@bindingoffset=\dimen142
\Gm@wd@mp=\dimen143
\Gm@odd@mp=\dimen144
\Gm@even@mp=\dimen145
\Gm@layoutwidth=\dimen146
\Gm@layoutheight=\dimen147
\Gm@layouthoffset=\dimen148
\Gm@layoutvoffset=\dimen149
\Gm@dimlist=\toks22
) (/usr/share/texlive/texmf-dist/tex/latex/hyperref/hyperref.sty
Package: hyperref 2023-02-07 v7.00v Hypertext links for LaTeX
 (/usr/share/texlive/texmf-dist/tex/generic/ltxcmds/ltxcmds.sty
Package: ltxcmds 2020-05-10 v1.25 LaTeX kernel commands for general use (HO)
) (/usr/share/texlive/texmf-dist/tex/generic/pdftexcmds/pdftexcmds.sty
Package: pdftexcmds 2020-06-27 v0.33 Utility functions of pdfTeX for LuaTeX (HO)
 (/usr/share/texlive/texmf-dist/tex/generic/infwarerr/infwarerr.sty
Package: infwarerr 2019/12/03 v1.5 Providing info/warning/error messages (HO)
)
Package pdftexcmds Info: \pdf@primitive is available.
Package pdftexcmds Info: \pdf@ifprimitive is available.
Package pdftexcmds Info: \pdfdraftmode found.
) (/usr/share/texlive/texmf-dist/tex/latex/kvsetkeys/kvsetkeys.sty
Package: kvsetkeys 2022-10-05 v1.19 Key value parser (HO)
) (/usr/share/texlive/texmf-dist/tex/generic/kvdefinekeys/kvdefinekeys.sty
Package: kvdefinekeys 2019-12-19 v1.6 Define keys (HO)
) (/usr/share/texlive/texmf-dist/tex/generic/pdfescape/pdfescape.sty
Package: pdfescape 2019/12/09 v1.15 Implements pdfTeX's escape features (HO)
) (/usr/share/texlive/texmf-dist/tex/latex/hycolor/hycolor.sty
Package: hycolor 2020-01-27 v1.10 Color options for hyperref/bookmark (HO)
) (/usr/share/texlive/texmf-dist/tex/latex/letltxmacro/letltxmacro.sty
Package: letltxmacro 2019/12/03 v1.6 Let assignment for LaTeX macros (HO)
) (/usr/share/texlive/texmf-dist/tex/latex/auxhook/auxhook.sty
Package: auxhook 2019-12-17 v1.6 Hooks for auxiliary files (HO)
) (/usr/share/texlive/texmf-dist/tex/latex/hyperref/nameref.sty
Package: nameref 2022-05-17 v2.50 Cross-referencing by name of section
 (/usr/share/texlive/texmf-dist/tex/latex/refcount/refcount.sty
Package: refcount 2019/12/15 v3.6 Data extraction from label references (HO)
) (/usr/share/texlive/texmf-dist/tex/generic/gettitlestring/gettitlestring.sty
Package: gettitlestring 2019/12/15 v1.6 Cleanup title references (HO)
 (/usr/share/texlive/texmf-dist/tex/latex/kvoptions/kvoptions.sty
Package: kvoptions 2022-06-15 v3.15 Key value format for package options (HO)
))
\c@section@level=\count267
)
\@linkdim=\dimen150
\Hy@linkcounter=\count268
\Hy@pagecounter=\count269
 (/usr/share/texlive/texmf-dist/tex/latex/hyperref/pd1enc.def
File: pd1enc.def 2023-02-07 v7.00v Hyperref: PDFDocEncoding definition (HO)
Now handling font encoding PD1 ...
... no UTF-8 mapping file for font encoding PD1
) (/usr/share/texlive/texmf-dist/tex/generic/intcalc/intcalc.sty
Package: intcalc 2019/12/15 v1.3 Expandable calculations with integers (HO)
) (/usr/share/texlive/texmf-dist/tex/generic/etexcmds/etexcmds.sty
Package: etexcmds 2019/12/15 v1.7 Avoid name clashes with e-TeX commands (HO)
)
\Hy@SavedSpaceFactor=\count270
 (/usr/share/texlive/texmf-dist/tex/latex/hyperref/puenc.def
File: puenc.def 2023-02-07 v7.00v Hyperref: PDF Unicode definition (HO)
Now handling font encoding PU ...
... no UTF-8 mapping file for font encoding PU
)
Package hyperref Info: Hyper figures OFF on input line 4177.
Package hyperref Info: Link nesting OFF on input line 4182.
Package hyperref Info: Hyper index ON on input line 4185.
Package hyperref Info: Plain pages OFF on input line 4192.
Package hyperref Info: Backreferencing OFF on input line 4197.
Package hyperref Info: Implicit mode ON; LaTeX internals redefined.
Package hyperref Info: Bookmarks ON on input line 4425.
\c@Hy@tempcnt=\count271
 (/usr/share/texlive/texmf-dist/tex/latex/url/url.sty
\Urlmuskip=\muskip16
Package: url 2013/09/16  ver 3.4  Verb mode for urls, etc.
)
LaTeX Info: Redefining \url on input line 4763.
\XeTeXLinkMargin=\dimen151
 (/usr/share/texlive/texmf-dist/tex/generic/bitset/bitset.sty
Package: bitset 2019/12/09 v1.3 Handle bit-vector datatype (HO)
 (/usr/share/texlive/texmf-dist/tex/generic/bigintcalc/bigintcalc.sty
Package: bigintcalc 2019/12/15 v1.5 Expandable calculations on big integers (HO)
))
\Fld@menulength=\count272
\Field@Width=\dimen152
\Fld@charsize=\dimen153
Package hyperref Info: Hyper figures OFF on input line 6042.
Package hyperref Info: Link nesting OFF on input line 6047.
Package hyperref Info: Hyper index ON on input line 6050.
Package hyperref Info: backreferencing OFF on input line 6057.
Package hyperref Info: Link coloring OFF on input line 6062.
Package hyperref Info: Link coloring with OCG OFF on input line 6067.
Package hyperref Info: PDF/A mode OFF on input line 6072.
 (/usr/share/texlive/texmf-dist/tex/latex/base/atbegshi-ltx.sty
Package: atbegshi-ltx 2021/01/10 v1.0c Emulation of the original atbegshi
package with kernel methods
)
\Hy@abspage=\count273
\c@Item=\count274
\c@Hfootnote=\count275
)
Package hyperref Info: Driver (autodetected): hpdftex.
 (/usr/share/texlive/texmf-dist/tex/latex/hyperref/hpdftex.def
File: hpdftex.def 2023-02-07 v7.00v Hyperref driver for pdfTeX
 (/usr/share/texlive/texmf-dist/tex/latex/base/atveryend-ltx.sty
Package: atveryend-ltx 2020/08/19 v1.0a Emulation of the original atveryend package
with kernel methods
)
\Fld@listcount=\count276
\c@bookmark@seq@number=\count277
 (/usr/share/texlive/texmf-dist/tex/latex/rerunfilecheck/rerunfilecheck.sty
Package: rerunfilecheck 2022-07-10 v1.10 Rerun checks for auxiliary files (HO)
 (/usr/share/texlive/texmf-dist/tex/generic/uniquecounter/uniquecounter.sty
Package: uniquecounter 2019/12/15 v1.4 Provide unlimited unique counter (HO)
)
Package uniquecounter Info: New unique counter `rerunfilecheck' on input line 285.
)
\Hy@SectionHShift=\skip50
) (/usr/share/texlive/texmf-dist/tex/latex/graphics/graphicx.sty
Package: graphicx 2021/09/16 v1.2d Enhanced LaTeX Graphics (DPC,SPQR)
 (/usr/share/texlive/texmf-dist/tex/latex/graphics/graphics.sty
Package: graphics 2022/03/10 v1.4e Standard LaTeX Graphics (DPC,SPQR)
 (/usr/share/texlive/texmf-dist/tex/latex/graphics/trig.sty
Package: trig 2021/08/11 v1.11 sin cos tan (DPC)
) (/usr/share/texlive/texmf-dist/tex/latex/graphics-cfg/graphics.cfg
File: graphics.cfg 2016/06/04 v1.11 sample graphics configuration
)
Package graphics Info: Driver file: pdftex.def on input line 107.
 (/usr/share/texlive/texmf-dist/tex/latex/graphics-def/pdftex.def
File: pdftex.def 2022/09/22 v1.2b Graphics/color driver for pdftex
))
\Gin@req@height=\dimen154
\Gin@req@width=\dimen155
) (/usr/share/texlive/texmf-dist/tex/latex/tools/array.sty
Package: array 2022/09/04 v2.5g Tabular extension package (FMi)
\col@sep=\dimen156
\ar@mcellbox=\box53
\extrarowheight=\dimen157
\NC@list=\toks23
\extratabsurround=\skip51
\backup@length=\skip52
\ar@cellbox=\box54
) (/usr/share/texlive/texmf-dist/tex/latex/tools/tabularx.sty
Package: tabularx 2020/01/15 v2.11c `tabularx' package (DPC)
\TX@col@width=\dimen158
\TX@old@table=\dimen159
\TX@old@col=\dimen160
\TX@target=\dimen161
\TX@delta=\dimen162
\TX@cols=\count278
\TX@ftn=\toks24
) (/usr/share/texlive/texmf-dist/tex/latex/xcolor/xcolor.sty
Package: xcolor 2022/06/12 v2.14 LaTeX color extensions (UK)
 (/usr/share/texlive/texmf-dist/tex/latex/graphics-cfg/color.cfg
File: color.cfg 2016/01/02 v1.6 sample color configuration
)
Package xcolor Info: Driver file: pdftex.def on input line 227.
 (/usr/share/texlive/texmf-dist/tex/latex/graphics/mathcolor.ltx)
Package xcolor Info: Model `cmy' substituted by `cmy0' on input line 1353.
Package xcolor Info: Model `hsb' substituted by `rgb' on input line 1357.
Package xcolor Info: Model `RGB' extended on input line 1369.
Package xcolor Info: Model `HTML' substituted by `rgb' on input line 1371.
Package xcolor Info: Model `Hsb' substituted by `hsb' on input line 1372.
Package xcolor Info: Model `tHsb' substituted by `hsb' on input line 1373.
Package xcolor Info: Model `HSB' substituted by `hsb' on input line 1374.
Package xcolor Info: Model `Gray' substituted by `gray' on input line 1375.
Package xcolor Info: Model `wave' substituted by `hsb' on input line 1376.
) (/usr/share/texlive/texmf-dist/tex/latex/listings/listings.sty
\lst@mode=\count279
\lst@gtempboxa=\box55
\lst@token=\toks25
\lst@length=\count280
\lst@currlwidth=\dimen163
\lst@column=\count281
\lst@pos=\count282
\lst@lostspace=\dimen164
\lst@width=\dimen165
\lst@newlines=\count283
\lst@lineno=\count284
\lst@maxwidth=\dimen166
 (/usr/share/texlive/texmf-dist/tex/latex/listings/lstmisc.sty
File: lstmisc.sty 2023/02/27 1.9 (Carsten Heinz)
\c@lstnumber=\count285
\lst@skipnumbers=\count286
\lst@framebox=\box56
) (/usr/share/texlive/texmf-dist/tex/latex/listings/listings.cfg
File: listings.cfg 2023/02/27 1.9 listings configuration
))
Package: listings 2023/02/27 1.9 (Carsten Heinz)
LaTeX Font Info:    Trying to load font information for T1+lmr on input line 39.
 (/usr/share/texlive/texmf-dist/tex/latex/lm/t1lmr.fd
File: t1lmr.fd 2015/05/01 v1.6.1 Font defs for Latin Modern
) (/usr/share/texlive/texmf-dist/tex/latex/l3backend/l3backend-pdftex.def
File: l3backend-pdftex.def 2023-01-16 L3 backend support: PDF output (pdfTeX)
\l__color_backend_stack_int=\count287
\l__pdf_internal_box=\box57
) (./Practica-4-Modulos_EderMC.aux
LaTeX Info: Redefining \. on input line 22.
LaTeX Info: Redefining \% on input line 22.
)
\openout1 = `Practica-4-Modulos_EderMC.aux'.

LaTeX Font Info:    Checking defaults for OML/cmm/m/it on input line 39.
LaTeX Font Info:    ... okay on input line 39.
LaTeX Font Info:    Checking defaults for OMS/cmsy/m/n on input line 39.
LaTeX Font Info:    ... okay on input line 39.
LaTeX Font Info:    Checking defaults for OT1/cmr/m/n on input line 39.
LaTeX Font Info:    ... okay on input line 39.
LaTeX Font Info:    Checking defaults for T1/cmr/m/n on input line 39.
LaTeX Font Info:    ... okay on input line 39.
LaTeX Font Info:    Checking defaults for TS1/cmr/m/n on input line 39.
LaTeX Font Info:    ... okay on input line 39.
LaTeX Font Info:    Checking defaults for OMX/cmex/m/n on input line 39.
LaTeX Font Info:    ... okay on input line 39.
LaTeX Font Info:    Checking defaults for U/cmr/m/n on input line 39.
LaTeX Font Info:    ... okay on input line 39.
LaTeX Font Info:    Checking defaults for PD1/pdf/m/n on input line 39.
LaTeX Font Info:    ... okay on input line 39.
LaTeX Font Info:    Checking defaults for PU/pdf/m/n on input line 39.
LaTeX Font Info:    ... okay on input line 39.
LaTeX Info: Redefining \. on input line 39.
LaTeX Info: Redefining \% on input line 39.

*geometry* driver: auto-detecting
*geometry* detected driver: pdftex
*geometry* verbose mode - [ preamble ] result:
* driver: pdftex
* paper: a4paper
* layout: <same size as paper>
* layoutoffset:(h,v)=(0.0pt,0.0pt)
* modes: 
* h-part:(L,W,R)=(71.13188pt, 455.24411pt, 71.13188pt)
* v-part:(T,H,B)=(71.13188pt, 702.78308pt, 71.13188pt)
* \paperwidth=597.50787pt
* \paperheight=845.04684pt
* \textwidth=455.24411pt
* \textheight=702.78308pt
* \oddsidemargin=-1.1381pt
* \evensidemargin=-1.1381pt
* \topmargin=-38.1381pt
* \headheight=12.0pt
* \headsep=25.0pt
* \topskip=12.0pt
* \footskip=30.0pt
* \marginparwidth=35.0pt
* \marginparsep=10.0pt
* \columnsep=10.0pt
* \skip\footins=10.8pt plus 4.0pt minus 2.0pt
* \hoffset=0.0pt
* \voffset=0.0pt
* \mag=1000
* \@twocolumnfalse
* \@twosidefalse
* \@mparswitchfalse
* \@reversemarginfalse
* (1in=72.27pt=25.4mm, 1cm=28.453pt)

Package hyperref Info: Link coloring OFF on input line 39.
(./Practica-4-Modulos_EderMC.out) (./Practica-4-Modulos_EderMC.out)
\@outlinefile=\write3
\openout3 = `Practica-4-Modulos_EderMC.out'.

 (/usr/share/texlive/texmf-dist/tex/latex/epstopdf-pkg/epstopdf-base.sty
Package: epstopdf-base 2020-01-24 v2.11 Base part for package epstopdf
Package epstopdf-base Info: Redefining graphics rule for `.eps' on input line 485.
 (/usr/share/texlive/texmf-dist/tex/latex/latexconfig/epstopdf-sys.cfg
File: epstopdf-sys.cfg 2010/07/13 v1.3 Configuration of (r)epstopdf for TeX Live
))
\c@lstlisting=\count288
LaTeX Font Info:    Trying to load font information for OT1+lmr on input line 41.
 (/usr/share/texlive/texmf-dist/tex/latex/lm/ot1lmr.fd
File: ot1lmr.fd 2015/05/01 v1.6.1 Font defs for Latin Modern
)
LaTeX Font Info:    Trying to load font information for OML+lmm on input line 41.
 (/usr/share/texlive/texmf-dist/tex/latex/lm/omllmm.fd
File: omllmm.fd 2015/05/01 v1.6.1 Font defs for Latin Modern
)
LaTeX Font Info:    Trying to load font information for OMS+lmsy on input line 41.
 (/usr/share/texlive/texmf-dist/tex/latex/lm/omslmsy.fd
File: omslmsy.fd 2015/05/01 v1.6.1 Font defs for Latin Modern
)
LaTeX Font Info:    Trying to load font information for OMX+lmex on input line 41.
 (/usr/share/texlive/texmf-dist/tex/latex/lm/omxlmex.fd
File: omxlmex.fd 2015/05/01 v1.6.1 Font defs for Latin Modern
)
LaTeX Font Info:    External font `lmex10' loaded for size
(Font)              <14.4> on input line 41.
LaTeX Font Info:    External font `lmex10' loaded for size
(Font)              <10> on input line 41.
LaTeX Font Info:    External font `lmex10' loaded for size
(Font)              <7> on input line 41.
 [1

{/var/lib/texmf/fonts/map/pdftex/updmap/pdftex.map}{/usr/share/texlive/texmf-dist/fonts/enc/dvips/lm/lm-ec.enc}] (./Practica-4-Modulos_EderMC.toc
LaTeX Info: Redefining \. on input line 1.
LaTeX Info: Redefining \% on input line 1.
LaTeX Font Info:    External font `lmex10' loaded for size
(Font)              <12> on input line 2.
LaTeX Font Info:    External font `lmex10' loaded for size
(Font)              <8> on input line 2.
LaTeX Font Info:    External font `lmex10' loaded for size
(Font)              <6> on input line 2.
)
\tf@toc=\write4
\openout4 = `Practica-4-Modulos_EderMC.toc'.


pdfTeX warning (ext4): destination with the same identifier (name{page.1}) has been already used, duplicate ignored
<to be read again> 
                   \relax 
l.42 \clearpage
                [1

]
Overfull \hbox (16.61134pt too wide) in paragraph at lines 50--52
\T1/lmr/m/n/12 al 06 que te-ne-mos en el si-guien-te re-po-si-to-rio []github.com/sergarb1/OdooModulosEjemplos.git[]. 
 []

(/usr/share/texlive/texmf-dist/tex/latex/listings/lstlang1.sty
File: lstlang1.sty 2023/02/27 1.9 listings language file
) (/usr/share/texlive/texmf-dist/tex/latex/listings/lstlang1.sty
File: lstlang1.sty 2023/02/27 1.9 listings language file
)
LaTeX Font Info:    Trying to load font information for T1+lmtt on input line 55.
 (/usr/share/texlive/texmf-dist/tex/latex/lm/t1lmtt.fd
File: t1lmtt.fd 2015/05/01 v1.6.1 Font defs for Latin Modern
)
<images//PREVIO/MODULOS-EJEMPLO.png, id=117, 633.36626pt x 228.855pt>
File: images//PREVIO/MODULOS-EJEMPLO.png Graphic file (type png)
<use images//PREVIO/MODULOS-EJEMPLO.png>
Package pdftex.def Info: images//PREVIO/MODULOS-EJEMPLO.png  used on input line 65.
(pdftex.def)             Requested size: 455.24411pt x 164.4961pt.
 [2

 <./images//PREVIO/MODULOS-EJEMPLO.png>]
<images//EJERCICIO-1/1.1-AGREGAR-KANBAN.png, id=128, 571.13374pt x 646.415pt>
File: images//EJERCICIO-1/1.1-AGREGAR-KANBAN.png Graphic file (type png)
<use images//EJERCICIO-1/1.1-AGREGAR-KANBAN.png>
Package pdftex.def Info: images//EJERCICIO-1/1.1-AGREGAR-KANBAN.png  used on input line 84.
(pdftex.def)             Requested size: 364.19667pt x 412.20494pt.
 [3

 <./images//EJERCICIO-1/1.1-AGREGAR-KANBAN.png>]
LaTeX Font Info:    Trying to load font information for TS1+lmr on input line 97.
 (/usr/share/texlive/texmf-dist/tex/latex/lm/ts1lmr.fd
File: ts1lmr.fd 2015/05/01 v1.6.1 Font defs for Latin Modern
)
<images//EJERCICIO-1/1.1-AGREGAR-ACTION.png, id=136, 555.07375pt x 399.4925pt>
File: images//EJERCICIO-1/1.1-AGREGAR-ACTION.png Graphic file (type png)
<use images//EJERCICIO-1/1.1-AGREGAR-ACTION.png>
Package pdftex.def Info: images//EJERCICIO-1/1.1-AGREGAR-ACTION.png  used on input line 104.
(pdftex.def)             Requested size: 364.19667pt x 262.11754pt.
 [4

{/usr/share/texlive/texmf-dist/fonts/enc/dvips/lm/lm-ts1.enc} <./images//EJERCICIO-1/1.1-AGREGAR-ACTION.png>]
<images//EJERCICIO-1/1.1-VISTA-LISTA.png, id=144, 1870.99pt x 313.17pt>
File: images//EJERCICIO-1/1.1-VISTA-LISTA.png Graphic file (type png)
<use images//EJERCICIO-1/1.1-VISTA-LISTA.png>
Package pdftex.def Info: images//EJERCICIO-1/1.1-VISTA-LISTA.png  used on input line 117.
(pdftex.def)             Requested size: 455.24411pt x 76.19928pt.
<images//EJERCICIO-1/1.1-CAMBIAR-A-KANBAN.png, id=145, 232.87pt x 123.46124pt>
File: images//EJERCICIO-1/1.1-CAMBIAR-A-KANBAN.png Graphic file (type png)
<use images//EJERCICIO-1/1.1-CAMBIAR-A-KANBAN.png>
Package pdftex.def Info: images//EJERCICIO-1/1.1-CAMBIAR-A-KANBAN.png  used on input line 123.
(pdftex.def)             Requested size: 136.57462pt x 72.41008pt.
<images//EJERCICIO-1/1.1-VISTA-KANBAN.png, id=146, 1863.96375pt x 244.915pt>
File: images//EJERCICIO-1/1.1-VISTA-KANBAN.png Graphic file (type png)
<use images//EJERCICIO-1/1.1-VISTA-KANBAN.png>
Package pdftex.def Info: images//EJERCICIO-1/1.1-VISTA-KANBAN.png  used on input line 129.
(pdftex.def)             Requested size: 455.24411pt x 59.81596pt.
<images//EJERCICIO-1/1.2-AGREGAR-CAMPOS-AL-MODEL.png, id=147, 448.67625pt x 80.3pt>
File: images//EJERCICIO-1/1.2-AGREGAR-CAMPOS-AL-MODEL.png Graphic file (type png)
<use images//EJERCICIO-1/1.2-AGREGAR-CAMPOS-AL-MODEL.png>
Package pdftex.def Info: images//EJERCICIO-1/1.2-AGREGAR-CAMPOS-AL-MODEL.png  used on input line 145.
(pdftex.def)             Requested size: 364.19667pt x 65.18231pt.
 [5

 <./images//EJERCICIO-1/1.1-VISTA-LISTA.png> <./images//EJERCICIO-1/1.1-CAMBIAR-A-KANBAN.png> <./images//EJERCICIO-1/1.1-VISTA-KANBAN.png> <./images//EJERCICIO-1/1.2-AGREGAR-CAMPOS-AL-MODEL.png>]
<images//EJERCICIO-1/1.2-AGREGAR-CALENDAR.png, id=160, 577.15625pt x 388.45125pt>
File: images//EJERCICIO-1/1.2-AGREGAR-CALENDAR.png Graphic file (type png)
<use images//EJERCICIO-1/1.2-AGREGAR-CALENDAR.png>
Package pdftex.def Info: images//EJERCICIO-1/1.2-AGREGAR-CALENDAR.png  used on input line 162.
(pdftex.def)             Requested size: 364.19667pt x 245.12863pt.
<images//EJERCICIO-1/1.2-AGREGAR-ACTION.png, id=161, 577.15625pt x 415.5525pt>
File: images//EJERCICIO-1/1.2-AGREGAR-ACTION.png Graphic file (type png)
<use images//EJERCICIO-1/1.2-AGREGAR-ACTION.png>
Package pdftex.def Info: images//EJERCICIO-1/1.2-AGREGAR-ACTION.png  used on input line 182.
(pdftex.def)             Requested size: 364.19667pt x 262.23064pt.
 [6 <./images//EJERCICIO-1/1.2-AGREGAR-CALENDAR.png>] [7 <./images//EJERCICIO-1/1.2-AGREGAR-ACTION.png>]
<images//EJERCICIO-1/1.2-ACTULIZAR-FORM.png, id=176, 710.655pt x 729.72626pt>
File: images//EJERCICIO-1/1.2-ACTULIZAR-FORM.png Graphic file (type png)
<use images//EJERCICIO-1/1.2-ACTULIZAR-FORM.png>
Package pdftex.def Info: images//EJERCICIO-1/1.2-ACTULIZAR-FORM.png  used on input line 196.
(pdftex.def)             Requested size: 364.19667pt x 373.98157pt.
<images//EJERCICIO-1/1.2-ACTUALIZAR-LIST.png, id=177, 625.33624pt x 498.86375pt>
File: images//EJERCICIO-1/1.2-ACTUALIZAR-LIST.png Graphic file (type png)
<use images//EJERCICIO-1/1.2-ACTUALIZAR-LIST.png>
Package pdftex.def Info: images//EJERCICIO-1/1.2-ACTUALIZAR-LIST.png  used on input line 204.
(pdftex.def)             Requested size: 364.19667pt x 290.54388pt.
 [8

 <./images//EJERCICIO-1/1.2-ACTULIZAR-FORM.png>]
<images//EJERCICIO-1/1.2-ACTUALIZAR-KANBAN.png, id=184, 625.33624pt x 688.5725pt>
File: images//EJERCICIO-1/1.2-ACTUALIZAR-KANBAN.png Graphic file (type png)
<use images//EJERCICIO-1/1.2-ACTUALIZAR-KANBAN.png>
Package pdftex.def Info: images//EJERCICIO-1/1.2-ACTUALIZAR-KANBAN.png  used on input line 212.
(pdftex.def)             Requested size: 364.19667pt x 401.03238pt.
 [9 <./images//EJERCICIO-1/1.2-ACTUALIZAR-LIST.png>]
<images//EJERCICIO-1/1.2-CAMBIAR-A-CALENDAR.png, id=191, 273.02pt x 123.46124pt>
File: images//EJERCICIO-1/1.2-CAMBIAR-A-CALENDAR.png Graphic file (type png)
<use images//EJERCICIO-1/1.2-CAMBIAR-A-CALENDAR.png>
Package pdftex.def Info: images//EJERCICIO-1/1.2-CAMBIAR-A-CALENDAR.png  used on input line 223.
(pdftex.def)             Requested size: 136.57462pt x 61.76059pt.
<images//EJERCICIO-1/1.2-VISTA-CALENDAR.png, id=192, 1870.99pt x 910.40125pt>
File: images//EJERCICIO-1/1.2-VISTA-CALENDAR.png Graphic file (type png)
<use images//EJERCICIO-1/1.2-VISTA-CALENDAR.png>
Package pdftex.def Info: images//EJERCICIO-1/1.2-VISTA-CALENDAR.png  used on input line 229.
(pdftex.def)             Requested size: 455.24411pt x 221.51523pt.
 [10 <./images//EJERCICIO-1/1.2-ACTUALIZAR-KANBAN.png> <./images//EJERCICIO-1/1.2-CAMBIAR-A-CALENDAR.png>]
<images//EJERCICIO-2/2.1-AGREGAR-MODELO-SOCIO.png, id=201, 842.14626pt x 417.56pt>
File: images//EJERCICIO-2/2.1-AGREGAR-MODELO-SOCIO.png Graphic file (type png)
<use images//EJERCICIO-2/2.1-AGREGAR-MODELO-SOCIO.png>
Package pdftex.def Info: images//EJERCICIO-2/2.1-AGREGAR-MODELO-SOCIO.png  used on input line 247.
(pdftex.def)             Requested size: 364.19667pt x 180.57947pt.
 [11 <./images//EJERCICIO-1/1.2-VISTA-CALENDAR.png>]
<images//EJERCICIO-2/2.1-IMPORTAR-MODELO.png, id=208, 556.0775pt x 107.40125pt>
File: images//EJERCICIO-2/2.1-IMPORTAR-MODELO.png Graphic file (type png)
<use images//EJERCICIO-2/2.1-IMPORTAR-MODELO.png>
Package pdftex.def Info: images//EJERCICIO-2/2.1-IMPORTAR-MODELO.png  used on input line 268.
(pdftex.def)             Requested size: 364.19667pt x 70.34258pt.
<images//EJERCICIO-2/2.1-AGREGAR-VISTA-SOCIO.png, id=209, 858.20625pt x 817.0525pt>
File: images//EJERCICIO-2/2.1-AGREGAR-VISTA-SOCIO.png Graphic file (type png)
<use images//EJERCICIO-2/2.1-AGREGAR-VISTA-SOCIO.png>
Package pdftex.def Info: images//EJERCICIO-2/2.1-AGREGAR-VISTA-SOCIO.png  used on input line 277.
(pdftex.def)             Requested size: 364.19667pt x 346.73781pt.
 [12 <./images//EJERCICIO-2/2.1-AGREGAR-MODELO-SOCIO.png> <./images//EJERCICIO-2/2.1-IMPORTAR-MODELO.png>]
<images//EJERCICIO-2/2.1-AGREGAR-VISTA-MANIFEST.png, id=219, 710.655pt x 331.2375pt>
File: images//EJERCICIO-2/2.1-AGREGAR-VISTA-MANIFEST.png Graphic file (type png)
<use images//EJERCICIO-2/2.1-AGREGAR-VISTA-MANIFEST.png>
Package pdftex.def Info: images//EJERCICIO-2/2.1-AGREGAR-VISTA-MANIFEST.png  used on input line 292.
(pdftex.def)             Requested size: 364.19667pt x 169.75778pt.
 [13 <./images//EJERCICIO-2/2.1-AGREGAR-VISTA-SOCIO.png>]
<images//EJERCICIO-2/2.1-REGLAS-ACCESO.png, id=226, 907.39pt x 133.49875pt>
File: images//EJERCICIO-2/2.1-REGLAS-ACCESO.png Graphic file (type png)
<use images//EJERCICIO-2/2.1-REGLAS-ACCESO.png>
Package pdftex.def Info: images//EJERCICIO-2/2.1-REGLAS-ACCESO.png  used on input line 301.
(pdftex.def)             Requested size: 364.19667pt x 53.58186pt.
<images//EJERCICIO-2/2.2-AGREGAR-MODELO-EJEMPLAR.png, id=227, 686.565pt x 914.41624pt>
File: images//EJERCICIO-2/2.2-AGREGAR-MODELO-EJEMPLAR.png Graphic file (type png)
<use images//EJERCICIO-2/2.2-AGREGAR-MODELO-EJEMPLAR.png>
Package pdftex.def Info: images//EJERCICIO-2/2.2-AGREGAR-MODELO-EJEMPLAR.png  used on input line 315.
(pdftex.def)             Requested size: 364.19667pt x 485.05688pt.
 [14 <./images//EJERCICIO-2/2.1-AGREGAR-VISTA-MANIFEST.png> <./images//EJERCICIO-2/2.1-REGLAS-ACCESO.png>]
Overfull \hbox (61.24689pt too wide) in paragraph at lines 319--321
\T1/lmr/m/n/12 Creamos el ar-chi-vo \T1/lmtt/m/n/12 biblioteca_ejemplar.py \T1/lmr/m/n/12 y de-fi-ni-mos el mo-de-lo \T1/lmtt/m/n/12 "biblioteca.comic.ejemplar"\T1/lmr/m/n/12 .
 []

[15 <./images//EJERCICIO-2/2.2-AGREGAR-MODELO-EJEMPLAR.png>]
<images//EJERCICIO-2/2.2-IMPORTAR-MODELO.png, id=242, 566.115pt x 129.48375pt>
File: images//EJERCICIO-2/2.2-IMPORTAR-MODELO.png Graphic file (type png)
<use images//EJERCICIO-2/2.2-IMPORTAR-MODELO.png>
Package pdftex.def Info: images//EJERCICIO-2/2.2-IMPORTAR-MODELO.png  used on input line 353.
(pdftex.def)             Requested size: 364.19667pt x 83.30199pt.

Underfull \hbox (badness 10000) in paragraph at lines 354--354
[]\T1/lmr/m/n/12 Figura 21: []Captura de que im-por-ta-mos el nue-vo mo-de-lo ejem-plar en
 []

<images//EJERCICIO-2/2.2-AGREGAR-VISTA-EJEMPLAR.png, id=243, 945.5325pt x 897.3525pt>
File: images//EJERCICIO-2/2.2-AGREGAR-VISTA-EJEMPLAR.png Graphic file (type png)
<use images//EJERCICIO-2/2.2-AGREGAR-VISTA-EJEMPLAR.png>
Package pdftex.def Info: images//EJERCICIO-2/2.2-AGREGAR-VISTA-EJEMPLAR.png  used on input line 362.
(pdftex.def)             Requested size: 364.19667pt x 345.63924pt.
[16 <./images//EJERCICIO-2/2.2-IMPORTAR-MODELO.png>]
<images//EJERCICIO-2/2.2-AGREGAR-VISTA-MANIFEST.png, id=252, 1056.94875pt x 346.29375pt>
File: images//EJERCICIO-2/2.2-AGREGAR-VISTA-MANIFEST.png Graphic file (type png)
<use images//EJERCICIO-2/2.2-AGREGAR-VISTA-MANIFEST.png>
Package pdftex.def Info: images//EJERCICIO-2/2.2-AGREGAR-VISTA-MANIFEST.png  used on input line 377.
(pdftex.def)             Requested size: 364.19667pt x 119.32352pt.
 [17 <./images//EJERCICIO-2/2.2-AGREGAR-VISTA-EJEMPLAR.png>]
<images//EJERCICIO-2/2.2-REGLAS-ACCESO.png, id=259, 1056.94875pt x 192.72pt>
File: images//EJERCICIO-2/2.2-REGLAS-ACCESO.png Graphic file (type png)
<use images//EJERCICIO-2/2.2-REGLAS-ACCESO.png>
Package pdftex.def Info: images//EJERCICIO-2/2.2-REGLAS-ACCESO.png  used on input line 386.
(pdftex.def)             Requested size: 364.19667pt x 66.40613pt.
<images//EJERCICIO-2/2.3-VISTA-COMICS.png, id=260, 1860.9525pt x 356.33125pt>
File: images//EJERCICIO-2/2.3-VISTA-COMICS.png Graphic file (type png)
<use images//EJERCICIO-2/2.3-VISTA-COMICS.png>
Package pdftex.def Info: images//EJERCICIO-2/2.3-VISTA-COMICS.png  used on input line 397.
(pdftex.def)             Requested size: 455.24411pt x 87.1687pt.
<images//EJERCICIO-2/2.3-VISTA-LIST-SOCIOS.png, id=261, 1870.99pt x 387.4475pt>
File: images//EJERCICIO-2/2.3-VISTA-LIST-SOCIOS.png Graphic file (type png)
<use images//EJERCICIO-2/2.3-VISTA-LIST-SOCIOS.png>
Package pdftex.def Info: images//EJERCICIO-2/2.3-VISTA-LIST-SOCIOS.png  used on input line 406.
(pdftex.def)             Requested size: 455.24411pt x 94.27219pt.
 [18 <./images//EJERCICIO-2/2.2-AGREGAR-VISTA-MANIFEST.png> <./images//EJERCICIO-2/2.2-REGLAS-ACCESO.png> <./images//EJERCICIO-2/2.3-VISTA-COMICS.png>]
<images//EJERCICIO-2/2.3-VISTA-FORM-SOCIOS.png, id=273, 553.06625pt x 274.02374pt>
File: images//EJERCICIO-2/2.3-VISTA-FORM-SOCIOS.png Graphic file (type png)
<use images//EJERCICIO-2/2.3-VISTA-FORM-SOCIOS.png>
Package pdftex.def Info: images//EJERCICIO-2/2.3-VISTA-FORM-SOCIOS.png  used on input line 415.
(pdftex.def)             Requested size: 364.19667pt x 180.44646pt.
<images//EJERCICIO-2/2.3-VISTA-LIST-EJEMPLARES.png, id=274, 1870.99pt x 246.9225pt>
File: images//EJERCICIO-2/2.3-VISTA-LIST-EJEMPLARES.png Graphic file (type png)
<use images//EJERCICIO-2/2.3-VISTA-LIST-EJEMPLARES.png>
Package pdftex.def Info: images//EJERCICIO-2/2.3-VISTA-LIST-EJEMPLARES.png  used on input line 423.
(pdftex.def)             Requested size: 455.24411pt x 60.0802pt.
<images//EJERCICIO-2/2.3-VISTA-FORM-EJEMPLARES.png, id=275, 566.115pt x 376.40625pt>
File: images//EJERCICIO-2/2.3-VISTA-FORM-EJEMPLARES.png Graphic file (type png)
<use images//EJERCICIO-2/2.3-VISTA-FORM-EJEMPLARES.png>
Package pdftex.def Info: images//EJERCICIO-2/2.3-VISTA-FORM-EJEMPLARES.png  used on input line 432.
(pdftex.def)             Requested size: 364.19667pt x 242.157pt.
 [19 <./images//EJERCICIO-2/2.3-VISTA-LIST-SOCIOS.png> <./images//EJERCICIO-2/2.3-VISTA-FORM-SOCIOS.png> <./images//EJERCICIO-2/2.3-VISTA-LIST-EJEMPLARES.png>]
<images//EJERCICIO-2/2.3-COMPROBACION-RESTRICCION-1.png, id=286, 1868.9825pt x 664.4825pt>
File: images//EJERCICIO-2/2.3-COMPROBACION-RESTRICCION-1.png Graphic file (type png)
<use images//EJERCICIO-2/2.3-COMPROBACION-RESTRICCION-1.png>
Package pdftex.def Info: images//EJERCICIO-2/2.3-COMPROBACION-RESTRICCION-1.png  used on input line 444.
(pdftex.def)             Requested size: 455.24411pt x 161.85162pt.
<images//EJERCICIO-2/2.3-COMPROBACION-RESTRICCION-2.png, id=287, 1874.00125pt x 664.4825pt>
File: images//EJERCICIO-2/2.3-COMPROBACION-RESTRICCION-2.png Graphic file (type png)
<use images//EJERCICIO-2/2.3-COMPROBACION-RESTRICCION-2.png>
Package pdftex.def Info: images//EJERCICIO-2/2.3-COMPROBACION-RESTRICCION-2.png  used on input line 452.
(pdftex.def)             Requested size: 455.24411pt x 161.41563pt.
 [20 <./images//EJERCICIO-2/2.3-VISTA-FORM-EJEMPLARES.png> <./images//EJERCICIO-2/2.3-COMPROBACION-RESTRICCION-1.png>]
LaTeX Font Info:    Font shape `T1/lmtt/bx/n' in size <10.95> not available
(Font)              Font shape `T1/lmtt/b/n' tried instead on input line 476.
 [21 <./images//EJERCICIO-2/2.3-COMPROBACION-RESTRICCION-2.png>]
<images//EJERCICIO-3/3.1-AGREGAR-MODELO-PACIENTE.png, id=307, 904.37875pt x 550.055pt>
File: images//EJERCICIO-3/3.1-AGREGAR-MODELO-PACIENTE.png Graphic file (type png)
<use images//EJERCICIO-3/3.1-AGREGAR-MODELO-PACIENTE.png>
Package pdftex.def Info: images//EJERCICIO-3/3.1-AGREGAR-MODELO-PACIENTE.png  used on input line 497.
(pdftex.def)             Requested size: 364.19667pt x 221.50368pt.
 [22

 <./images//EJERCICIO-3/3.1-AGREGAR-MODELO-PACIENTE.png>]
<images//EJERCICIO-3/3.1-IMPORTAR-MODELO.png, id=314, 252.945pt x 85.31876pt>
File: images//EJERCICIO-3/3.1-IMPORTAR-MODELO.png Graphic file (type png)
<use images//EJERCICIO-3/3.1-IMPORTAR-MODELO.png>
Package pdftex.def Info: images//EJERCICIO-3/3.1-IMPORTAR-MODELO.png  used on input line 523.
(pdftex.def)             Requested size: 182.09486pt x 61.42163pt.
<images//EJERCICIO-3/3.1-AGREGAR-VISTA-PACIENTE.png, id=315, 898.35625pt x 870.25125pt>
File: images//EJERCICIO-3/3.1-AGREGAR-VISTA-PACIENTE.png Graphic file (type png)
<use images//EJERCICIO-3/3.1-AGREGAR-VISTA-PACIENTE.png>
Package pdftex.def Info: images//EJERCICIO-3/3.1-AGREGAR-VISTA-PACIENTE.png  used on input line 531.
(pdftex.def)             Requested size: 364.19667pt x 352.79507pt.
<images//EJERCICIO-3/3.1-AGREGAR-VISTA-MANIFEST.png, id=316, 353.32pt x 163.61125pt>
File: images//EJERCICIO-3/3.1-AGREGAR-VISTA-MANIFEST.png Graphic file (type png)
<use images//EJERCICIO-3/3.1-AGREGAR-VISTA-MANIFEST.png>
Package pdftex.def Info: images//EJERCICIO-3/3.1-AGREGAR-VISTA-MANIFEST.png  used on input line 546.
(pdftex.def)             Requested size: 273.14923pt x 126.48782pt.
 [23

 <./images//EJERCICIO-3/3.1-IMPORTAR-MODELO.png> <./images//EJERCICIO-3/3.1-AGREGAR-VISTA-PACIENTE.png>]
File: images//EJERCICIO-3/3.1-AGREGAR-MODELO-PACIENTE.png Graphic file (type png)
<use images//EJERCICIO-3/3.1-AGREGAR-MODELO-PACIENTE.png>
Package pdftex.def Info: images//EJERCICIO-3/3.1-AGREGAR-MODELO-PACIENTE.png  used on input line 559.
(pdftex.def)             Requested size: 364.19667pt x 221.50368pt.
 [24 <./images//EJERCICIO-3/3.1-AGREGAR-VISTA-MANIFEST.png>]
File: images//EJERCICIO-3/3.1-IMPORTAR-MODELO.png Graphic file (type png)
<use images//EJERCICIO-3/3.1-IMPORTAR-MODELO.png>
Package pdftex.def Info: images//EJERCICIO-3/3.1-IMPORTAR-MODELO.png  used on input line 582.
(pdftex.def)             Requested size: 182.09486pt x 61.42163pt.
File: images//EJERCICIO-3/3.1-AGREGAR-VISTA-PACIENTE.png Graphic file (type png)
<use images//EJERCICIO-3/3.1-AGREGAR-VISTA-PACIENTE.png>
Package pdftex.def Info: images//EJERCICIO-3/3.1-AGREGAR-VISTA-PACIENTE.png  used on input line 591.
(pdftex.def)             Requested size: 364.19667pt x 352.79507pt.
 [25

]
<images//EJERCICIO-3/3.2-AGREGAR-VISTA-MANIFEST.png, id=340, 353.32pt x 180.675pt>
File: images//EJERCICIO-3/3.2-AGREGAR-VISTA-MANIFEST.png Graphic file (type png)
<use images//EJERCICIO-3/3.2-AGREGAR-VISTA-MANIFEST.png>
Package pdftex.def Info: images//EJERCICIO-3/3.2-AGREGAR-VISTA-MANIFEST.png  used on input line 606.
(pdftex.def)             Requested size: 273.14923pt x 139.67981pt.
 [26 <./images//EJERCICIO-3/3.2-AGREGAR-VISTA-MANIFEST.png>]
<images//EJERCICIO-3/3.3-AGREGAR-MODELO-CONSULTA.png, id=347, 925.4575pt x 621.32124pt>
File: images//EJERCICIO-3/3.3-AGREGAR-MODELO-CONSULTA.png Graphic file (type png)
<use images//EJERCICIO-3/3.3-AGREGAR-MODELO-CONSULTA.png>
Package pdftex.def Info: images//EJERCICIO-3/3.3-AGREGAR-MODELO-CONSULTA.png  used on input line 622.
(pdftex.def)             Requested size: 364.19667pt x 244.51381pt.
<images//EJERCICIO-3/3.3-IMPORTAR-MODELO.png, id=348, 252.945pt x 112.42pt>
File: images//EJERCICIO-3/3.3-IMPORTAR-MODELO.png Graphic file (type png)
<use images//EJERCICIO-3/3.3-IMPORTAR-MODELO.png>
Package pdftex.def Info: images//EJERCICIO-3/3.3-IMPORTAR-MODELO.png  used on input line 645.
(pdftex.def)             Requested size: 182.09486pt x 80.93204pt.
 [27

 <./images//EJERCICIO-3/3.3-AGREGAR-MODELO-CONSULTA.png>]
<images//EJERCICIO-3/3.3-AGREGAR-VISTA-CONSULTA.png, id=355, 721.69624pt x 952.55875pt>
File: images//EJERCICIO-3/3.3-AGREGAR-VISTA-CONSULTA.png Graphic file (type png)
<use images//EJERCICIO-3/3.3-AGREGAR-VISTA-CONSULTA.png>
Package pdftex.def Info: images//EJERCICIO-3/3.3-AGREGAR-VISTA-CONSULTA.png  used on input line 654.
(pdftex.def)             Requested size: 364.19667pt x 480.69681pt.
 [28 <./images//EJERCICIO-3/3.3-IMPORTAR-MODELO.png> <./images//EJERCICIO-3/3.3-AGREGAR-VISTA-CONSULTA.png>]
<images//EJERCICIO-3/3.3-AGREGAR-VISTA-MANIFEST.png, id=364, 353.32pt x 201.75375pt>
File: images//EJERCICIO-3/3.3-AGREGAR-VISTA-MANIFEST.png Graphic file (type png)
<use images//EJERCICIO-3/3.3-AGREGAR-VISTA-MANIFEST.png>
Package pdftex.def Info: images//EJERCICIO-3/3.3-AGREGAR-VISTA-MANIFEST.png  used on input line 670.
(pdftex.def)             Requested size: 273.14923pt x 155.9758pt.
<images//EJERCICIO-3/ERROR-FALTA-PERMISOS.png, id=365, 304.13625pt x 421.575pt>
File: images//EJERCICIO-3/ERROR-FALTA-PERMISOS.png Graphic file (type png)
<use images//EJERCICIO-3/ERROR-FALTA-PERMISOS.png>
Package pdftex.def Info: images//EJERCICIO-3/ERROR-FALTA-PERMISOS.png  used on input line 683.
(pdftex.def)             Requested size: 182.09486pt x 252.41302pt.
 [29 <./images//EJERCICIO-3/3.3-AGREGAR-VISTA-MANIFEST.png>]
<images//EJERCICIO-3/SOULUCCION-ACTUALIZAR-MANIFEST.png, id=372, 324.21124pt x 162.6075pt>
File: images//EJERCICIO-3/SOULUCCION-ACTUALIZAR-MANIFEST.png Graphic file (type png)
<use images//EJERCICIO-3/SOULUCCION-ACTUALIZAR-MANIFEST.png>
Package pdftex.def Info: images//EJERCICIO-3/SOULUCCION-ACTUALIZAR-MANIFEST.png  used on input line 693.
(pdftex.def)             Requested size: 227.62206pt x 114.16438pt.
<images//EJERCICIO-3/SOULUCCION-REGLAS-ACCESO.png, id=373, 667.49374pt x 91.34125pt>
File: images//EJERCICIO-3/SOULUCCION-REGLAS-ACCESO.png Graphic file (type png)
<use images//EJERCICIO-3/SOULUCCION-REGLAS-ACCESO.png>
Package pdftex.def Info: images//EJERCICIO-3/SOULUCCION-REGLAS-ACCESO.png  used on input line 702.
(pdftex.def)             Requested size: 364.19667pt x 49.83783pt.
 [30 <./images//EJERCICIO-3/ERROR-FALTA-PERMISOS.png> <./images//EJERCICIO-3/SOULUCCION-ACTUALIZAR-MANIFEST.png> <./images//EJERCICIO-3/SOULUCCION-REGLAS-ACCESO.png>]
<images//EJERCICIO-3/3.4-VISTA-LIST-PACIENTES.png, id=385, 1922.18124pt x 404.51125pt>
File: images//EJERCICIO-3/3.4-VISTA-LIST-PACIENTES.png Graphic file (type png)
<use images//EJERCICIO-3/3.4-VISTA-LIST-PACIENTES.png>
Package pdftex.def Info: images//EJERCICIO-3/3.4-VISTA-LIST-PACIENTES.png  used on input line 715.
(pdftex.def)             Requested size: 455.24411pt x 95.80083pt.
<images//EJERCICIO-3/3.4-VISTA-FORM-PACIENTES.png, id=386, 684.5575pt x 349.305pt>
File: images//EJERCICIO-3/3.4-VISTA-FORM-PACIENTES.png Graphic file (type png)
<use images//EJERCICIO-3/3.4-VISTA-FORM-PACIENTES.png>
Package pdftex.def Info: images//EJERCICIO-3/3.4-VISTA-FORM-PACIENTES.png  used on input line 725.
(pdftex.def)             Requested size: 364.19667pt x 185.83965pt.
<images//EJERCICIO-3/3.4-VISTA-KANBAN-MEDICOS.png, id=387, 816.04875pt x 266.9975pt>
File: images//EJERCICIO-3/3.4-VISTA-KANBAN-MEDICOS.png Graphic file (type png)
<use images//EJERCICIO-3/3.4-VISTA-KANBAN-MEDICOS.png>
Package pdftex.def Info: images//EJERCICIO-3/3.4-VISTA-KANBAN-MEDICOS.png  used on input line 734.
(pdftex.def)             Requested size: 455.24411pt x 148.94719pt.
 [31 <./images//EJERCICIO-3/3.4-VISTA-LIST-PACIENTES.png> <./images//EJERCICIO-3/3.4-VISTA-FORM-PACIENTES.png>]
<images//EJERCICIO-3/3.4-VISTA-FORM-MEDICOS.png, id=396, 635.37375pt x 266.9975pt>
File: images//EJERCICIO-3/3.4-VISTA-FORM-MEDICOS.png Graphic file (type png)
<use images//EJERCICIO-3/3.4-VISTA-FORM-MEDICOS.png>
Package pdftex.def Info: images//EJERCICIO-3/3.4-VISTA-FORM-MEDICOS.png  used on input line 743.
(pdftex.def)             Requested size: 364.19667pt x 153.04976pt.
<images//EJERCICIO-3/3.4-VISTA-LIST-CONSULTAS.png, id=397, 1916.15875pt x 341.275pt>
File: images//EJERCICIO-3/3.4-VISTA-LIST-CONSULTAS.png Graphic file (type png)
<use images//EJERCICIO-3/3.4-VISTA-LIST-CONSULTAS.png>
Package pdftex.def Info: images//EJERCICIO-3/3.4-VISTA-LIST-CONSULTAS.png  used on input line 752.
(pdftex.def)             Requested size: 455.24411pt x 81.07968pt.
<images//EJERCICIO-3/3.4-VISTA-FORM-CONSULTAS.png, id=398, 641.39626pt x 366.36874pt>
File: images//EJERCICIO-3/3.4-VISTA-FORM-CONSULTAS.png Graphic file (type png)
<use images//EJERCICIO-3/3.4-VISTA-FORM-CONSULTAS.png>
Package pdftex.def Info: images//EJERCICIO-3/3.4-VISTA-FORM-CONSULTAS.png  used on input line 761.
(pdftex.def)             Requested size: 364.19667pt x 208.03293pt.
 [32 <./images//EJERCICIO-3/3.4-VISTA-KANBAN-MEDICOS.png> <./images//EJERCICIO-3/3.4-VISTA-FORM-MEDICOS.png> <./images//EJERCICIO-3/3.4-VISTA-LIST-CONSULTAS.png>]
<images//EJERCICIO-3/3.4-VISTA-CALENDAR-CONSULTAS.png, id=409, 1916.15875pt x 546.04pt>
File: images//EJERCICIO-3/3.4-VISTA-CALENDAR-CONSULTAS.png Graphic file (type png)
<use images//EJERCICIO-3/3.4-VISTA-CALENDAR-CONSULTAS.png>
Package pdftex.def Info: images//EJERCICIO-3/3.4-VISTA-CALENDAR-CONSULTAS.png  used on input line 770.
(pdftex.def)             Requested size: 455.24411pt x 129.72751pt.
 [33 <./images//EJERCICIO-3/3.4-VISTA-FORM-CONSULTAS.png> <./images//EJERCICIO-3/3.4-VISTA-CALENDAR-CONSULTAS.png>] (./Practica-4-Modulos_EderMC.aux
LaTeX Info: Redefining \. on input line 22.
LaTeX Info: Redefining \% on input line 22.
)
Package rerunfilecheck Info: File `Practica-4-Modulos_EderMC.out' has not changed.
(rerunfilecheck)             Checksum: 317EE272135F21EF9F4A493D9F69619D;3398.
 ) 
Here is how much of TeX's memory you used:
 13174 strings out of 477967
 218846 string characters out of 5838625
 1874388 words of memory out of 6000000
 33029 multiletter control sequences out of 15000+600000
 563553 words of font info for 66 fonts, out of 8000000 for 9000
 14 hyphenation exceptions out of 8191
 75i,6n,76p,497b,1213s stack positions out of 10000i,1000n,20000p,200000b,200000s
</usr/share/texlive/texmf-dist/fonts/type1/public/lm/lmbx12.pfb></usr/share/texlive/texmf-dist/fonts/type1/public/lm/lmr12.pfb></usr/share/texlive/texmf-dist/fonts/type1/public/lm/lmr17.pfb></usr/share/texlive/texmf-dist/fonts/type1/public/lm/lmtk10.pfb></usr/share/texlive/texmf-dist/fonts/type1/public/lm/lmtt10.pfb></usr/share/texlive/texmf-dist/fonts/type1/public/lm/lmtt12.pfb>
Output written on Practica-4-Modulos_EderMC.pdf (34 pages, 2003404 bytes).
PDF statistics:
 477 PDF objects out of 1000 (max. 8388607)
 324 compressed objects within 4 object streams
 116 named destinations out of 1000 (max. 500000)
 411 words of extra memory for PDF output out of 10000 (max. 10000000)

